TN:
SF:C:/Users/Goldosh/Projects/formly/src\form.js
FN:7,FormService
FN:11,locale
FN:14,(anonymous_8)
FNF:3
FNH:3
FNDA:1,FormService
FNDA:1,locale
FNDA:2,(anonymous_8)
DA:1,1
DA:2,1
DA:3,1
DA:7,1
DA:9,1
DA:11,1
DA:13,1
DA:14,1
DA:15,2
DA:17,1
DA:21,1
DA:22,1
DA:26,2
LF:13
LH:13
BRF:0
BRH:0
end_of_record
TN:
SF:C:/Users/Goldosh/Projects/formly/src\index.js
FN:5,install
FNF:1
FNH:1
FNDA:1,install
DA:1,1
DA:3,1
DA:15,1
DA:23,1
DA:31,1
DA:32,1
DA:33,1
LF:7
LH:7
BRF:0
BRH:0
end_of_record
TN:
SF:C:/Users/Goldosh/Projects/formly/src\store.js
FN:1,setLocale
FN:1,setMutated
FNF:2
FNH:2
FNDA:2,setLocale
FNDA:9,setMutated
DA:7,2
DA:10,9
LF:2
LH:2
BRF:0
BRH:0
end_of_record
TN:
SF:C:/Users/Goldosh/Projects/formly/src\elements\FormContainer.js
FN:5,FormContainer
FN:9,(anonymous_4)
FN:28,data
FN:33,setData
FN:40,(anonymous_7)
FN:48,(anonymous_8)
FN:33,getData
FN:63,(anonymous_10)
FN:68,(anonymous_11)
FNF:9
FNH:9
FNDA:73,FormContainer
FNDA:193,(anonymous_4)
FNDA:73,data
FNDA:62,setData
FNDA:160,(anonymous_7)
FNDA:14,(anonymous_8)
FNDA:33,getData
FNDA:82,(anonymous_10)
FNDA:7,(anonymous_11)
DA:1,1
DA:2,1
DA:3,1
DA:7,73
DA:9,73
DA:12,193
DA:13,14
DA:14,14
DA:18,179
DA:19,29
DA:24,150
DA:28,73
DA:31,73
DA:39,62
DA:40,62
DA:41,160
DA:42,117
DA:43,114
DA:45,3
DA:47,43
DA:48,14
DA:49,14
DA:50,14
DA:52,29
DA:53,29
DA:61,33
DA:62,33
DA:63,33
DA:64,82
DA:65,60
DA:66,22
DA:67,7
DA:68,7
DA:69,7
DA:71,15
DA:72,15
DA:75,33
LF:37
LH:37
BRDA:12,0,0,14
BRDA:12,0,1,179
BRDA:12,1,0,193
BRDA:12,1,1,43
BRDA:18,2,0,29
BRDA:18,2,1,150
BRDA:18,3,0,179
BRDA:18,3,1,29
BRDA:41,4,0,117
BRDA:41,4,1,43
BRDA:42,5,0,114
BRDA:42,5,1,3
BRDA:47,6,0,14
BRDA:47,6,1,29
BRDA:47,7,0,43
BRDA:47,7,1,14
BRDA:47,7,2,14
BRDA:52,8,0,29
BRDA:52,8,1,0
BRDA:52,9,0,29
BRDA:52,9,1,29
BRDA:52,9,2,29
BRDA:64,10,0,60
BRDA:64,10,1,22
BRDA:66,11,0,7
BRDA:66,11,1,15
BRDA:71,12,0,15
BRDA:71,12,1,0
BRF:28
BRH:26
end_of_record
TN:
SF:C:/Users/Goldosh/Projects/formly/src\elements\FormElement.js
FN:4,FormElement
FN:5,data
FN:14,setState
FN:14,set
FN:14,setErrors
FN:14,clearErrors
FN:14,hasErrors
FNF:7
FNH:7
FNDA:155,FormElement
FNDA:155,data
FNDA:6,setState
FNDA:2,set
FNDA:3,setErrors
FNDA:1,clearErrors
FNDA:3,hasErrors
DA:1,1
DA:2,1
DA:5,155
DA:8,155
DA:20,6
DA:27,2
DA:28,2
DA:29,2
DA:36,3
DA:37,3
DA:44,1
DA:45,1
DA:52,3
LF:13
LH:13
BRF:0
BRH:0
end_of_record
TN:
SF:C:/Users/Goldosh/Projects/formly/src\elements\FormList.js
FN:5,FormList
FN:6,data
FN:15,lastKey
FN:20,add
FN:20,addOne
FN:20,setKey
FN:20,remove
FN:20,any
FNF:8
FNH:8
FNDA:20,FormList
FNDA:20,data
FNDA:2,lastKey
FNDA:5,add
FNDA:11,addOne
FNDA:14,setKey
FNDA:2,remove
FNDA:3,any
DA:1,1
DA:2,1
DA:3,1
DA:6,20
DA:9,20
DA:17,2
DA:25,5
DA:26,5
DA:27,11
DA:35,11
DA:36,11
DA:37,11
DA:46,14
DA:47,14
DA:48,14
DA:49,14
DA:59,2
DA:60,1
DA:62,1
DA:71,3
LF:20
LH:20
BRDA:25,0,0,2
BRDA:25,0,1,3
BRDA:25,1,0,5
BRDA:25,1,1,2
BRDA:48,2,0,14
BRDA:48,2,1,0
BRDA:59,3,0,1
BRDA:59,3,1,1
BRF:8
BRH:7
end_of_record
TN:
SF:C:/Users/Goldosh/Projects/formly/src\services\ArgumentValidator.js
FNF:0
FNH:0
DA:1,1
DA:10,24
DA:11,1
DA:12,1
DA:15,24
DA:16,3
DA:19,24
DA:20,8
DA:23,24
DA:24,1
DA:30,23
DA:32,23
LF:12
LH:12
BRDA:10,0,0,1
BRDA:10,0,1,23
BRDA:15,1,0,3
BRDA:15,1,1,21
BRDA:19,2,0,8
BRDA:19,2,1,16
BRDA:23,3,0,1
BRDA:23,3,1,23
BRF:8
BRH:8
end_of_record
TN:
SF:C:/Users/Goldosh/Projects/formly/src\services\Form.js
FN:23,Form
FN:137,(anonymous_14)
FN:139,(anonymous_15)
FN:143,(anonymous_16)
FNF:4
FNH:4
FNDA:19,Form
FNDA:10,(anonymous_14)
FNDA:7,(anonymous_15)
FNDA:3,(anonymous_16)
DA:14,1
DA:15,1
DA:16,1
DA:17,1
DA:18,1
DA:19,1
DA:20,1
DA:23,19
DA:25,19
DA:28,19
DA:29,19
DA:30,19
DA:33,19
DA:34,19
DA:37,19
DA:42,19
DA:47,19
DA:50,19
DA:57,11
DA:66,7
DA:67,7
DA:68,7
DA:69,13
DA:70,13
DA:71,12
DA:72,1
DA:73,1
DA:75,0
DA:78,13
DA:79,10
DA:81,3
DA:85,4
DA:94,7
DA:95,7
DA:104,1
DA:105,1
DA:114,1
DA:115,1
DA:124,1
DA:125,1
DA:135,10
DA:136,10
DA:137,10
DA:138,10
DA:140,7
DA:141,7
DA:144,3
DA:145,3
DA:156,7
DA:157,7
DA:158,7
DA:167,3
DA:168,3
DA:169,3
LF:54
LH:53
BRDA:70,0,0,12
BRDA:70,0,1,1
BRDA:72,1,0,1
BRDA:72,1,1,0
BRDA:78,2,0,10
BRDA:78,2,1,3
BRDA:94,3,0,0
BRDA:94,3,1,7
BRDA:94,4,0,7
BRDA:94,4,1,0
BRDA:104,5,0,0
BRDA:104,5,1,1
BRDA:104,6,0,1
BRDA:104,6,1,0
BRDA:114,7,0,0
BRDA:114,7,1,1
BRDA:114,8,0,1
BRDA:114,8,1,0
BRDA:124,9,0,0
BRDA:124,9,1,1
BRDA:124,10,0,1
BRDA:124,10,1,0
BRDA:135,11,0,10
BRDA:135,11,1,0
BRDA:135,12,0,10
BRDA:135,12,1,10
BRDA:138,13,0,10
BRDA:138,13,1,10
BRF:28
BRH:18
end_of_record
TN:
SF:C:/Users/Goldosh/Projects/formly/src\services\FormFail.js
FN:6,FormFail
FNF:1
FNH:1
FNDA:19,FormFail
DA:1,1
DA:2,1
DA:6,19
DA:7,19
DA:16,3
DA:17,2
DA:21,3
LF:7
LH:7
BRDA:16,0,0,2
BRDA:16,0,1,1
BRDA:16,1,0,3
BRDA:16,1,1,3
BRF:4
BRH:4
end_of_record
TN:
SF:C:/Users/Goldosh/Projects/formly/src\services\FormFailValidation.js
FN:6,(anonymous_1)
FN:25,checkIfLanguageError
FN:27,(anonymous_4)
FNF:3
FNH:3
FNDA:1,(anonymous_1)
FNDA:1,checkIfLanguageError
FNDA:2,(anonymous_4)
DA:1,1
DA:2,1
DA:5,2
DA:6,1
DA:8,1
DA:11,1
DA:14,1
DA:26,1
DA:27,1
DA:28,2
DA:29,1
LF:11
LH:11
BRDA:5,0,0,1
BRDA:5,0,1,1
BRDA:26,1,0,1
BRDA:26,1,1,0
BRDA:28,2,0,1
BRDA:28,2,1,1
BRF:6
BRH:5
end_of_record
TN:
SF:C:/Users/Goldosh/Projects/formly/src\services\FormSuccess.js
FN:6,FormSuccess
FNF:1
FNH:1
FNDA:19,FormSuccess
DA:1,1
DA:2,1
DA:6,19
DA:7,19
DA:16,7
DA:19,7
LF:6
LH:6
BRF:0
BRH:0
end_of_record
TN:
SF:C:/Users/Goldosh/Projects/formly/src\utils\config.js
FN:1,onFormFail
FN:1,onFormSuccess
FN:14,setOptions
FNF:3
FNH:3
FNDA:3,onFormFail
FNDA:7,onFormSuccess
FNDA:1,setOptions
DA:1,1
DA:14,1
LF:2
LH:2
BRF:0
BRH:0
end_of_record
TN:
SF:C:/Users/Goldosh/Projects/formly/src\utils\helpers.js
FN:7,recursiveArrayToObject
FN:8,(anonymous_3)
FN:27,arrayToObject
FN:32,(anonymous_5)
FN:46,deepCopy
FNF:5
FNH:5
FNDA:91,recursiveArrayToObject
FNDA:191,(anonymous_3)
FNDA:6,arrayToObject
FNDA:10,(anonymous_5)
FNDA:20,deepCopy
DA:8,91
DA:9,191
DA:10,5
DA:13,191
DA:14,67
DA:28,6
DA:29,1
DA:31,5
DA:32,5
DA:33,10
DA:35,5
DA:47,20
LF:12
LH:12
BRDA:9,0,0,5
BRDA:9,0,1,186
BRDA:9,1,0,191
BRDA:9,1,1,191
BRDA:9,1,2,190
BRDA:13,2,0,67
BRDA:13,2,1,124
BRDA:13,3,0,191
BRDA:13,3,1,191
BRDA:13,3,2,190
BRDA:28,4,0,1
BRDA:28,4,1,5
BRF:12
BRH:12
end_of_record
